[2021-12-18 07:58:15.202] [jointLog] [info] setting maxHashResizeThreads to 24
[2021-12-18 07:58:15.202] [jointLog] [info] Fragment incompatibility prior below threshold.  Incompatible fragments will be ignored.
[2021-12-18 07:58:15.202] [jointLog] [info] Usage of --validateMappings implies use of minScoreFraction. Since not explicitly specified, it is being set to 0.65
[2021-12-18 07:58:15.202] [jointLog] [info] Setting consensusSlack to selective-alignment default of 0.35.
[2021-12-18 07:58:15.202] [jointLog] [info] parsing read library format
[2021-12-18 07:58:15.202] [jointLog] [info] There is 1 library.
[2021-12-18 07:58:15.318] [jointLog] [info] Loading pufferfish index
[2021-12-18 07:58:15.319] [jointLog] [info] Loading dense pufferfish index.
[2021-12-18 07:58:17.070] [jointLog] [info] done
[2021-12-18 07:58:17.070] [jointLog] [info] Index contained 236,186 targets
[2021-12-18 07:58:17.191] [jointLog] [info] Number of decoys : 0
[2021-12-18 07:58:23.421] [jointLog] [info] Automatically detected most likely library type as SR

[2021-12-18 08:24:37.625] [jointLog] [info] Thread saw mini-batch with a maximum of 2.50% zero probability fragments
[2021-12-18 08:24:38.170] [jointLog] [info] Thread saw mini-batch with a maximum of 2.32% zero probability fragments
[2021-12-18 08:24:38.579] [jointLog] [info] Thread saw mini-batch with a maximum of 2.32% zero probability fragments
[2021-12-18 08:24:38.614] [jointLog] [info] Thread saw mini-batch with a maximum of 2.36% zero probability fragments
[2021-12-18 08:24:38.781] [jointLog] [info] Thread saw mini-batch with a maximum of 2.32% zero probability fragments
[2021-12-18 08:24:38.859] [jointLog] [info] Thread saw mini-batch with a maximum of 2.46% zero probability fragments
[2021-12-18 08:24:38.927] [jointLog] [info] Thread saw mini-batch with a maximum of 2.34% zero probability fragments
[2021-12-18 08:24:39.034] [jointLog] [info] Thread saw mini-batch with a maximum of 2.36% zero probability fragments
[2021-12-18 08:24:39.559] [jointLog] [info] Thread saw mini-batch with a maximum of 2.44% zero probability fragments
[2021-12-18 08:24:39.714] [jointLog] [info] Thread saw mini-batch with a maximum of 2.54% zero probability fragments
[2021-12-18 08:24:40.185] [jointLog] [info] Thread saw mini-batch with a maximum of 2.40% zero probability fragments
[2021-12-18 08:24:40.222] [jointLog] [info] Thread saw mini-batch with a maximum of 2.56% zero probability fragments
[2021-12-18 08:24:40.416] [jointLog] [info] Thread saw mini-batch with a maximum of 2.32% zero probability fragments
[2021-12-18 08:24:40.642] [jointLog] [info] Thread saw mini-batch with a maximum of 2.44% zero probability fragments
[2021-12-18 08:24:40.795] [jointLog] [info] Thread saw mini-batch with a maximum of 2.40% zero probability fragments
[2021-12-18 08:24:40.801] [jointLog] [info] Thread saw mini-batch with a maximum of 2.46% zero probability fragments
[2021-12-18 08:24:40.822] [jointLog] [info] Thread saw mini-batch with a maximum of 2.60% zero probability fragments
[2021-12-18 08:24:40.902] [jointLog] [info] Thread saw mini-batch with a maximum of 2.46% zero probability fragments
[2021-12-18 08:24:40.994] [jointLog] [info] Thread saw mini-batch with a maximum of 2.28% zero probability fragments
[2021-12-18 08:24:40.999] [jointLog] [info] Thread saw mini-batch with a maximum of 2.28% zero probability fragments
[2021-12-18 08:24:41.015] [jointLog] [info] Thread saw mini-batch with a maximum of 2.24% zero probability fragments
[2021-12-18 08:24:41.033] [jointLog] [info] Thread saw mini-batch with a maximum of 2.46% zero probability fragments
[2021-12-18 08:24:41.053] [jointLog] [info] Thread saw mini-batch with a maximum of 2.46% zero probability fragments
[2021-12-18 08:24:41.072] [jointLog] [info] Thread saw mini-batch with a maximum of 2.28% zero probability fragments
[2021-12-18 08:24:41.580] [fileLog] [info] 
At end of round 0
==================
Observed 24286949 total fragments (24286949 in most recent round)

[2021-12-18 08:24:41.580] [jointLog] [info] Computed 316,848 rich equivalence classes for further processing
[2021-12-18 08:24:41.580] [jointLog] [info] Counted 21,822,511 total reads in the equivalence classes 
[2021-12-18 08:24:41.632] [jointLog] [info] Number of mappings discarded because of alignment score : 37,355,091
[2021-12-18 08:24:41.632] [jointLog] [info] Number of fragments entirely discarded because of alignment score : 757,615
[2021-12-18 08:24:41.632] [jointLog] [info] Number of fragments discarded because they are best-mapped to decoys : 0
[2021-12-18 08:24:41.632] [jointLog] [info] Number of fragments discarded because they have only dovetail (discordant) mappings to valid targets : 0
[2021-12-18 08:24:41.632] [jointLog] [info] Mapping rate = 89.8528%

[2021-12-18 08:24:41.632] [jointLog] [info] finished quantifyLibrary()
[2021-12-18 08:24:41.640] [jointLog] [info] Starting optimizer
[2021-12-18 08:24:42.031] [jointLog] [info] Marked 0 weighted equivalence classes as degenerate
[2021-12-18 08:24:42.160] [jointLog] [info] iteration = 0 | max rel diff. = 5202.94
[2021-12-18 08:24:54.601] [jointLog] [info] iteration = 100 | max rel diff. = 18.261
[2021-12-18 08:25:06.827] [jointLog] [info] iteration = 200 | max rel diff. = 7.95276
[2021-12-18 08:25:19.377] [jointLog] [info] iteration = 300 | max rel diff. = 14.8531
[2021-12-18 08:25:31.758] [jointLog] [info] iteration = 400 | max rel diff. = 8.42258
[2021-12-18 08:25:43.932] [jointLog] [info] iteration = 500 | max rel diff. = 13.1143
[2021-12-18 08:25:56.454] [jointLog] [info] iteration = 600 | max rel diff. = 1.27028
[2021-12-18 08:26:08.754] [jointLog] [info] iteration = 700 | max rel diff. = 0.429259
[2021-12-18 08:26:21.333] [jointLog] [info] iteration = 800 | max rel diff. = 0.790607
[2021-12-18 08:26:33.588] [jointLog] [info] iteration = 900 | max rel diff. = 0.236887
[2021-12-18 08:26:45.861] [jointLog] [info] iteration = 1,000 | max rel diff. = 11.6527
[2021-12-18 08:26:58.401] [jointLog] [info] iteration = 1,100 | max rel diff. = 1.35591
[2021-12-18 08:27:10.700] [jointLog] [info] iteration = 1,200 | max rel diff. = 0.0374839
[2021-12-18 08:27:23.200] [jointLog] [info] iteration = 1,300 | max rel diff. = 0.0264337
[2021-12-18 08:27:33.997] [jointLog] [info] iteration = 1,400 | max rel diff. = 0.152056
[2021-12-18 08:27:46.154] [jointLog] [info] iteration = 1,498 | max rel diff. = 0.00986373
[2021-12-18 08:27:46.228] [jointLog] [info] Finished optimizer
[2021-12-18 08:27:46.228] [jointLog] [info] writing output 

