[2021-12-18 09:10:47.715] [jointLog] [info] setting maxHashResizeThreads to 24
[2021-12-18 09:10:47.715] [jointLog] [info] Fragment incompatibility prior below threshold.  Incompatible fragments will be ignored.
[2021-12-18 09:10:47.715] [jointLog] [info] Usage of --validateMappings implies use of minScoreFraction. Since not explicitly specified, it is being set to 0.65
[2021-12-18 09:10:47.715] [jointLog] [info] Setting consensusSlack to selective-alignment default of 0.35.
[2021-12-18 09:10:47.715] [jointLog] [info] parsing read library format
[2021-12-18 09:10:47.715] [jointLog] [info] There is 1 library.
[2021-12-18 09:10:47.834] [jointLog] [info] Loading pufferfish index
[2021-12-18 09:10:47.834] [jointLog] [info] Loading dense pufferfish index.
[2021-12-18 09:10:49.596] [jointLog] [info] done
[2021-12-18 09:10:49.596] [jointLog] [info] Index contained 236,186 targets
[2021-12-18 09:10:49.716] [jointLog] [info] Number of decoys : 0
[2021-12-18 09:10:57.454] [jointLog] [info] Automatically detected most likely library type as SR

[2021-12-18 09:54:24.397] [jointLog] [info] Thread saw mini-batch with a maximum of 4.93% zero probability fragments
[2021-12-18 09:54:24.539] [jointLog] [info] Thread saw mini-batch with a maximum of 4.92% zero probability fragments
[2021-12-18 09:54:24.910] [jointLog] [info] Thread saw mini-batch with a maximum of 5.40% zero probability fragments
[2021-12-18 09:54:25.050] [jointLog] [info] Thread saw mini-batch with a maximum of 4.96% zero probability fragments
[2021-12-18 09:54:25.076] [jointLog] [info] Thread saw mini-batch with a maximum of 4.92% zero probability fragments
[2021-12-18 09:54:25.175] [jointLog] [info] Thread saw mini-batch with a maximum of 5.02% zero probability fragments
[2021-12-18 09:54:25.190] [jointLog] [info] Thread saw mini-batch with a maximum of 4.80% zero probability fragments
[2021-12-18 09:54:25.498] [jointLog] [info] Thread saw mini-batch with a maximum of 4.76% zero probability fragments
[2021-12-18 09:54:25.529] [jointLog] [info] Thread saw mini-batch with a maximum of 4.84% zero probability fragments
[2021-12-18 09:54:25.738] [jointLog] [info] Thread saw mini-batch with a maximum of 5.00% zero probability fragments
[2021-12-18 09:54:25.849] [jointLog] [info] Thread saw mini-batch with a maximum of 4.96% zero probability fragments
[2021-12-18 09:54:26.521] [jointLog] [info] Thread saw mini-batch with a maximum of 4.86% zero probability fragments
[2021-12-18 09:54:26.595] [jointLog] [info] Thread saw mini-batch with a maximum of 5.00% zero probability fragments
[2021-12-18 09:54:26.823] [jointLog] [info] Thread saw mini-batch with a maximum of 5.14% zero probability fragments
[2021-12-18 09:54:26.838] [jointLog] [info] Thread saw mini-batch with a maximum of 4.84% zero probability fragments
[2021-12-18 09:54:26.849] [jointLog] [info] Thread saw mini-batch with a maximum of 4.84% zero probability fragments
[2021-12-18 09:54:26.891] [jointLog] [info] Thread saw mini-batch with a maximum of 5.10% zero probability fragments
[2021-12-18 09:54:27.054] [jointLog] [info] Thread saw mini-batch with a maximum of 5.20% zero probability fragments
[2021-12-18 09:54:27.277] [jointLog] [info] Thread saw mini-batch with a maximum of 4.94% zero probability fragments
[2021-12-18 09:54:27.293] [jointLog] [info] Thread saw mini-batch with a maximum of 4.80% zero probability fragments
[2021-12-18 09:54:27.339] [jointLog] [info] Thread saw mini-batch with a maximum of 4.98% zero probability fragments
[2021-12-18 09:54:27.351] [jointLog] [info] Thread saw mini-batch with a maximum of 5.08% zero probability fragments
[2021-12-18 09:54:27.361] [jointLog] [info] Thread saw mini-batch with a maximum of 5.02% zero probability fragments
[2021-12-18 09:54:27.434] [jointLog] [info] Thread saw mini-batch with a maximum of 5.04% zero probability fragments
[2021-12-18 09:54:27.934] [jointLog] [info] Computed 328,664 rich equivalence classes for further processing
[2021-12-18 09:54:27.934] [jointLog] [info] Counted 31,687,320 total reads in the equivalence classes 
[2021-12-18 09:54:28.003] [jointLog] [info] Number of mappings discarded because of alignment score : 60,686,946
[2021-12-18 09:54:28.003] [jointLog] [info] Number of fragments entirely discarded because of alignment score : 1,040,226
[2021-12-18 09:54:28.003] [jointLog] [info] Number of fragments discarded because they are best-mapped to decoys : 0
[2021-12-18 09:54:28.003] [jointLog] [info] Number of fragments discarded because they have only dovetail (discordant) mappings to valid targets : 0
[2021-12-18 09:54:28.003] [jointLog] [info] Mapping rate = 88.5304%

[2021-12-18 09:54:28.003] [jointLog] [info] finished quantifyLibrary()
[2021-12-18 09:54:28.006] [jointLog] [info] Starting optimizer
[2021-12-18 09:54:27.935] [fileLog] [info] 
At end of round 0
==================
Observed 35792605 total fragments (35792605 in most recent round)

[2021-12-18 09:54:28.443] [jointLog] [info] Marked 0 weighted equivalence classes as degenerate
[2021-12-18 09:54:28.573] [jointLog] [info] iteration = 0 | max rel diff. = 4905.57
[2021-12-18 09:54:40.862] [jointLog] [info] iteration = 100 | max rel diff. = 15.6833
[2021-12-18 09:54:53.473] [jointLog] [info] iteration = 200 | max rel diff. = 20.8327
[2021-12-18 09:55:05.811] [jointLog] [info] iteration = 300 | max rel diff. = 3.89957
[2021-12-18 09:55:18.220] [jointLog] [info] iteration = 400 | max rel diff. = 8.91381
[2021-12-18 09:55:30.722] [jointLog] [info] iteration = 500 | max rel diff. = 0.507683
[2021-12-18 09:55:43.133] [jointLog] [info] iteration = 600 | max rel diff. = 0.883689
[2021-12-18 09:55:55.471] [jointLog] [info] iteration = 700 | max rel diff. = 0.235329
[2021-12-18 09:56:07.849] [jointLog] [info] iteration = 800 | max rel diff. = 0.110735
[2021-12-18 09:56:20.405] [jointLog] [info] iteration = 900 | max rel diff. = 3.23748
[2021-12-18 09:56:32.734] [jointLog] [info] iteration = 1,000 | max rel diff. = 0.345371
[2021-12-18 09:56:45.038] [jointLog] [info] iteration = 1,100 | max rel diff. = 0.0443232
[2021-12-18 09:56:57.605] [jointLog] [info] iteration = 1,200 | max rel diff. = 0.22306
[2021-12-18 09:57:10.015] [jointLog] [info] iteration = 1,300 | max rel diff. = 0.32539
[2021-12-18 09:57:22.401] [jointLog] [info] iteration = 1,400 | max rel diff. = 0.107503
[2021-12-18 09:57:33.291] [jointLog] [info] iteration = 1,500 | max rel diff. = 0.0442171
[2021-12-18 09:57:45.845] [jointLog] [info] iteration = 1,600 | max rel diff. = 0.0798744
[2021-12-18 09:57:58.472] [jointLog] [info] iteration = 1,700 | max rel diff. = 1.19082
[2021-12-18 09:58:10.614] [jointLog] [info] iteration = 1,800 | max rel diff. = 0.0869574
[2021-12-18 09:58:23.220] [jointLog] [info] iteration = 1,900 | max rel diff. = 0.0211523
[2021-12-18 09:58:35.254] [jointLog] [info] iteration = 1,999 | max rel diff. = 0.00884615
[2021-12-18 09:58:35.328] [jointLog] [info] Finished optimizer
[2021-12-18 09:58:35.328] [jointLog] [info] writing output 

