[2021-12-18 10:42:32.166] [jointLog] [info] setting maxHashResizeThreads to 24
[2021-12-18 10:42:32.166] [jointLog] [info] Fragment incompatibility prior below threshold.  Incompatible fragments will be ignored.
[2021-12-18 10:42:32.166] [jointLog] [info] Usage of --validateMappings implies use of minScoreFraction. Since not explicitly specified, it is being set to 0.65
[2021-12-18 10:42:32.166] [jointLog] [info] Setting consensusSlack to selective-alignment default of 0.35.
[2021-12-18 10:42:32.166] [jointLog] [info] parsing read library format
[2021-12-18 10:42:32.166] [jointLog] [info] There is 1 library.
[2021-12-18 10:42:32.384] [jointLog] [info] Loading pufferfish index
[2021-12-18 10:42:32.385] [jointLog] [info] Loading dense pufferfish index.
[2021-12-18 10:42:34.230] [jointLog] [info] done
[2021-12-18 10:42:34.230] [jointLog] [info] Index contained 236,186 targets
[2021-12-18 10:42:34.351] [jointLog] [info] Number of decoys : 0
[2021-12-18 10:42:43.612] [jointLog] [info] Automatically detected most likely library type as U

[2021-12-18 11:03:54.109] [jointLog] [info] Computed 432,490 rich equivalence classes for further processing
[2021-12-18 11:03:54.109] [jointLog] [info] Counted 12,741,811 total reads in the equivalence classes 
[2021-12-18 11:03:54.160] [jointLog] [info] Number of mappings discarded because of alignment score : 26,238,467
[2021-12-18 11:03:54.161] [jointLog] [info] Number of fragments entirely discarded because of alignment score : 413,635
[2021-12-18 11:03:54.161] [jointLog] [info] Number of fragments discarded because they are best-mapped to decoys : 0
[2021-12-18 11:03:54.161] [jointLog] [info] Number of fragments discarded because they have only dovetail (discordant) mappings to valid targets : 0
[2021-12-18 11:03:54.161] [jointLog] [info] Mapping rate = 86.4154%

[2021-12-18 11:03:54.161] [jointLog] [info] finished quantifyLibrary()
[2021-12-18 11:03:54.162] [jointLog] [info] Starting optimizer
[2021-12-18 11:03:54.110] [fileLog] [info] 
At end of round 0
==================
Observed 14744844 total fragments (14744844 in most recent round)

[2021-12-18 11:03:54.628] [jointLog] [info] Marked 0 weighted equivalence classes as degenerate
[2021-12-18 11:03:54.783] [jointLog] [info] iteration = 0 | max rel diff. = 4010.96
[2021-12-18 11:04:09.017] [jointLog] [info] iteration = 100 | max rel diff. = 14.9673
[2021-12-18 11:04:23.621] [jointLog] [info] iteration = 200 | max rel diff. = 8.94141
[2021-12-18 11:04:38.033] [jointLog] [info] iteration = 300 | max rel diff. = 11.3657
[2021-12-18 11:04:52.256] [jointLog] [info] iteration = 400 | max rel diff. = 1.60209
[2021-12-18 11:05:06.612] [jointLog] [info] iteration = 500 | max rel diff. = 0.62221
[2021-12-18 11:05:21.223] [jointLog] [info] iteration = 600 | max rel diff. = 1.01915
[2021-12-18 11:05:35.576] [jointLog] [info] iteration = 700 | max rel diff. = 16.1096
[2021-12-18 11:05:50.168] [jointLog] [info] iteration = 800 | max rel diff. = 9.6782
[2021-12-18 11:06:04.492] [jointLog] [info] iteration = 900 | max rel diff. = 0.861985
[2021-12-18 11:06:18.726] [jointLog] [info] iteration = 1,000 | max rel diff. = 0.0359032
[2021-12-18 11:06:33.078] [jointLog] [info] iteration = 1,100 | max rel diff. = 0.597085
[2021-12-18 11:06:47.691] [jointLog] [info] iteration = 1,200 | max rel diff. = 4.54409
[2021-12-18 11:06:49.704] [jointLog] [info] iteration = 1,215 | max rel diff. = 0.00671572
[2021-12-18 11:06:49.773] [jointLog] [info] Finished optimizer
[2021-12-18 11:06:49.773] [jointLog] [info] writing output 

